The system is: Windows - 10.0.22000 - AMD64
Compiling the C compiler identification source file "CMakeCCompilerId.c" succeeded.
Compiler: C:/Program Files (x86)/Microsoft Visual Studio/2019/Community/VC/Tools/MSVC/14.29.30133/bin/Hostx64/x64/cl.exe 
Build flags: 
Id flags:  

The output was:
0
Microsoft (R) C/C++ Optimizing Compiler Version 19.29.30136 for x64
Copyright (C) Microsoft Corporation.  All rights reserved.

CMakeCCompilerId.c
Microsoft (R) Incremental Linker Version 14.29.30136.0
Copyright (C) Microsoft Corporation.  All rights reserved.

/out:CMakeCCompilerId.exe 
CMakeCCompilerId.obj 


Compilation of the C compiler identification source "CMakeCCompilerId.c" produced "CMakeCCompilerId.exe"

Compilation of the C compiler identification source "CMakeCCompilerId.c" produced "CMakeCCompilerId.obj"

The C compiler identification is MSVC, found in "C:/Users/paney/Documents/Studies/Animation_in_3D/EngineForAnimationCourse/out/build/x64-Debug/CMakeFiles/3.20.21032501-MSVC_2/CompilerIdC/CMakeCCompilerId.exe"

Compiling the CXX compiler identification source file "CMakeCXXCompilerId.cpp" succeeded.
Compiler: C:/Program Files (x86)/Microsoft Visual Studio/2019/Community/VC/Tools/MSVC/14.29.30133/bin/Hostx64/x64/cl.exe 
Build flags: 
Id flags:  

The output was:
0
Microsoft (R) C/C++ Optimizing Compiler Version 19.29.30136 for x64
Copyright (C) Microsoft Corporation.  All rights reserved.

CMakeCXXCompilerId.cpp
Microsoft (R) Incremental Linker Version 14.29.30136.0
Copyright (C) Microsoft Corporation.  All rights reserved.

/out:CMakeCXXCompilerId.exe 
CMakeCXXCompilerId.obj 


Compilation of the CXX compiler identification source "CMakeCXXCompilerId.cpp" produced "CMakeCXXCompilerId.exe"

Compilation of the CXX compiler identification source "CMakeCXXCompilerId.cpp" produced "CMakeCXXCompilerId.obj"

The CXX compiler identification is MSVC, found in "C:/Users/paney/Documents/Studies/Animation_in_3D/EngineForAnimationCourse/out/build/x64-Debug/CMakeFiles/3.20.21032501-MSVC_2/CompilerIdCXX/CMakeCXXCompilerId.exe"

Detecting C compiler ABI info compiled with the following output:
Change Dir: C:/Users/paney/Documents/Studies/Animation_in_3D/EngineForAnimationCourse/out/build/x64-Debug/CMakeFiles/CMakeTmp

Run Build Command(s):C:/Program Files (x86)/Microsoft Visual Studio/2019/Community/Common7/IDE/CommonExtensions/Microsoft/CMake/Ninja/ninja.exe cmTC_9b708 && [1/2] Building C object CMakeFiles\cmTC_9b708.dir\CMakeCCompilerABI.c.obj
[2/2] Linking C executable cmTC_9b708.exe



Detecting CXX compiler ABI info compiled with the following output:
Change Dir: C:/Users/paney/Documents/Studies/Animation_in_3D/EngineForAnimationCourse/out/build/x64-Debug/CMakeFiles/CMakeTmp

Run Build Command(s):C:/Program Files (x86)/Microsoft Visual Studio/2019/Community/Common7/IDE/CommonExtensions/Microsoft/CMake/Ninja/ninja.exe cmTC_fc2cc && [1/2] Building CXX object CMakeFiles\cmTC_fc2cc.dir\CMakeCXXCompilerABI.cpp.obj
[2/2] Linking CXX executable cmTC_fc2cc.exe



Performing C++ SOURCE FILE Test COMPILER_HAS_DEPRECATED succeeded with the following output:
Change Dir: C:/Users/paney/Documents/Studies/Animation_in_3D/EngineForAnimationCourse/out/build/x64-Debug/CMakeFiles/CMakeTmp

Run Build Command(s):C:/Program Files (x86)/Microsoft Visual Studio/2019/Community/Common7/IDE/CommonExtensions/Microsoft/CMake/Ninja/ninja.exe cmTC_0c5f1 && [1/2] Building CXX object CMakeFiles\cmTC_0c5f1.dir\src.cxx.obj
src.cxx(2): warning C4996: 'somefunc': was declared deprecated
[2/2] Linking CXX executable cmTC_0c5f1.exe


Source file was:
__declspec(deprecated) int somefunc() { return 0; }
    int main() { return somefunc();}
